<?xml version="1.0" encoding="UTF-8"?>
<robot generator="Robot 3.0.4 (Python 3.6.6 on linux)" generated="20190111 17:50:18.508">
<suite id="s1" name="deleteTrainPlanHis Post" source="/usr/local/Django/PYthon_Public/joyrun/background/thejoyrunTestcode/trainingapi/deleteTrainPlanHis_Post.txt">
<test id="s1-t1" name="Class_01">
<kw name="opinion_join_planHis">
<doc>判断用户是否有历史训练计划</doc>
<arguments>
<arg>${EMPTY}</arg>
<arg>0</arg>
<arg>成功</arg>
</arguments>
<kw name="callkeywords" library="jrtool">
<doc>按顺序执行多个关键字,并返回每个关键的执行结果，str输入方法为关键字之前用分号（;）隔开，关键字与传参之间用冒号（：）隔开，比如：Getmyclassid:13829744541;Getmywallet:13829744541:balanceAmount 这个是执行两个关键字(Getmyclassid,Getmywallet)，每个关键字的冒号后为传参；</doc>
<arguments>
<arg>getUserHisTrainPlans:status,1,9:All:${userName}:${pwd}</arg>
</arguments>
<assign>
<var>@{str}</var>
</assign>
<kw name="Log" library="BuiltIn">
<doc>Logs the given message with the given level.</doc>
<arguments>
<arg>callkeywords Start ......</arg>
</arguments>
<msg timestamp="20190111 17:50:18.937" level="INFO">callkeywords Start ......</msg>
<status status="PASS" starttime="20190111 17:50:18.936" endtime="20190111 17:50:18.938"></status>
</kw>
<kw name="Create List" library="BuiltIn">
<doc>Returns a list containing given items.</doc>
<assign>
<var>@{result}</var>
</assign>
<msg timestamp="20190111 17:50:18.939" level="INFO">@{result} = [ ]</msg>
<status status="PASS" starttime="20190111 17:50:18.938" endtime="20190111 17:50:18.939"></status>
</kw>
<kw name="Split String" library="String">
<doc>Splits the ``string`` using ``separator`` as a delimiter string.</doc>
<arguments>
<arg>${str}</arg>
<arg>;</arg>
</arguments>
<assign>
<var>@{keywordslist}</var>
</assign>
<msg timestamp="20190111 17:50:18.941" level="INFO">@{keywordslist} = [ getUserHisTrainPlans:status,1,9:All:13829744541:67889911 ]</msg>
<status status="PASS" starttime="20190111 17:50:18.939" endtime="20190111 17:50:18.941"></status>
</kw>
<kw name="${keywordvalue} IN [ @{keywordslist} ]" type="for">
<kw name="${keywordvalue} = getUserHisTrainPlans:status,1,9:All:13829744541:67889911" type="foritem">
<kw name="Split String" library="String">
<doc>Splits the ``string`` using ``separator`` as a delimiter string.</doc>
<arguments>
<arg>${keywordvalue}</arg>
<arg>:</arg>
</arguments>
<assign>
<var>@{keywordlists}</var>
</assign>
<msg timestamp="20190111 17:50:18.943" level="INFO">@{keywordlists} = [ getUserHisTrainPlans | status,1,9 | All | 13829744541 | 67889911 ]</msg>
<status status="PASS" starttime="20190111 17:50:18.942" endtime="20190111 17:50:18.943"></status>
</kw>
<kw name="Get From List" library="Collections">
<doc>Returns the value specified with an ``index`` from ``list``.</doc>
<arguments>
<arg>${keywordlists}</arg>
<arg>0</arg>
</arguments>
<assign>
<var>${keyword}</var>
</assign>
<msg timestamp="20190111 17:50:18.945" level="INFO">${keyword} = getUserHisTrainPlans</msg>
<status status="PASS" starttime="20190111 17:50:18.944" endtime="20190111 17:50:18.945"></status>
</kw>
<kw name="Replace String" library="String">
<doc>Replaces ``search_for`` in the given ``string`` with ``replace_with``.</doc>
<arguments>
<arg>${keywordvalue}</arg>
<arg>${keyword}:</arg>
<arg>${EMPTY}</arg>
</arguments>
<assign>
<var>${keywordinput}</var>
</assign>
<msg timestamp="20190111 17:50:18.946" level="INFO">${keywordinput} = status,1,9:All:13829744541:67889911</msg>
<status status="PASS" starttime="20190111 17:50:18.945" endtime="20190111 17:50:18.946"></status>
</kw>
<kw name="Split String" library="String">
<doc>Splits the ``string`` using ``separator`` as a delimiter string.</doc>
<arguments>
<arg>${keywordinput}</arg>
<arg>:</arg>
</arguments>
<assign>
<var>@{input}</var>
</assign>
<msg timestamp="20190111 17:50:18.948" level="INFO">@{input} = [ status,1,9 | All | 13829744541 | 67889911 ]</msg>
<status status="PASS" starttime="20190111 17:50:18.947" endtime="20190111 17:50:18.948"></status>
</kw>
<kw name="Run Keyword" library="BuiltIn">
<doc>Executes the given keyword with the given arguments.</doc>
<arguments>
<arg>${keyword}</arg>
<arg>@{input}</arg>
</arguments>
<assign>
<var>${keywordresult}</var>
</assign>
<kw name="getUserHisTrainPlans" library="joyrunbusiness">
<doc>/getUserHisTrainPlans获取用户的历史训练计划列表,如没有则返回0；filters过滤条件；Returnfield需要返回的字段</doc>
<arguments>
<arg>@{input}</arg>
</arguments>
<kw name="Set Variable" library="BuiltIn">
<doc>Returns the given values which can then be assigned to a variables.</doc>
<arguments>
<arg>getUserHisTrainPlans</arg>
</arguments>
<assign>
<var>${path}</var>
</assign>
<msg timestamp="20190111 17:50:18.951" level="INFO">${path} = getUserHisTrainPlans</msg>
<status status="PASS" starttime="20190111 17:50:18.951" endtime="20190111 17:50:18.951"></status>
</kw>
<kw name="Create Dictionary" library="BuiltIn">
<doc>Creates and returns a dictionary based on the given ``items``.</doc>
<assign>
<var>${maps}</var>
</assign>
<msg timestamp="20190111 17:50:18.952" level="INFO">${maps} = {}</msg>
<status status="PASS" starttime="20190111 17:50:18.951" endtime="20190111 17:50:18.953"></status>
</kw>
<kw name="Log" library="BuiltIn">
<doc>Logs the given message with the given level.</doc>
<arguments>
<arg>========输出接口URL：${training_URL}${path}</arg>
</arguments>
<msg timestamp="20190111 17:50:18.956" level="FAIL">Variable '${training_URL}' not found.</msg>
<status status="FAIL" starttime="20190111 17:50:18.953" endtime="20190111 17:50:18.956"></status>
</kw>
<status status="FAIL" starttime="20190111 17:50:18.949" endtime="20190111 17:50:18.956"></status>
</kw>
<status status="FAIL" starttime="20190111 17:50:18.948" endtime="20190111 17:50:18.956"></status>
</kw>
<status status="FAIL" starttime="20190111 17:50:18.942" endtime="20190111 17:50:18.956"></status>
</kw>
<status status="FAIL" starttime="20190111 17:50:18.941" endtime="20190111 17:50:18.956"></status>
</kw>
<timeout value="30 seconds"></timeout>
<status status="FAIL" starttime="20190111 17:50:18.934" endtime="20190111 17:50:18.957"></status>
</kw>
<status status="FAIL" starttime="20190111 17:50:18.933" endtime="20190111 17:50:18.957"></status>
</kw>
<doc>deleteTrainPlanHis TestCase测试用例</doc>
<tags>
<tag>Online</tag>
<tag>Test</tag>
<tag>txy</tag>
</tags>
<status status="FAIL" starttime="20190111 17:50:18.930" endtime="20190111 17:50:18.958" critical="yes">Variable '${training_URL}' not found.</status>
</test>
<doc>deleteTrainPlanHis 用户删除历史的训练计划</doc>
<status status="FAIL" starttime="20190111 17:50:18.513" endtime="20190111 17:50:18.959"></status>
</suite>
<statistics>
<total>
<stat pass="0" fail="1">Critical Tests</stat>
<stat pass="0" fail="1">All Tests</stat>
</total>
<tag>
<stat pass="0" fail="1">Online</stat>
<stat pass="0" fail="1">Test</stat>
<stat pass="0" fail="1">txy</stat>
</tag>
<suite>
<stat pass="0" fail="1" id="s1" name="deleteTrainPlanHis Post">deleteTrainPlanHis Post</stat>
</suite>
</statistics>
<errors>
<msg timestamp="20190111 17:50:18.509" level="ERROR">Variable file '/usr/local/Django/PYthon_Public/joyrun/background/thejoyrunTestcodePublicJoyrunOnline_var.py' does not exist.</msg>
<msg timestamp="20190111 17:50:18.646" level="ERROR">Error in file '/usr/local/Django/PYthon_Public/joyrun/background/thejoyrunTestcode/Public/public_lib.txt': Importing test library 'RequestsLibrary' failed: ModuleNotFoundError: No module named 'RequestsLibrary'
Traceback (most recent call last):
  None
PYTHONPATH:
  /usr/local/bin
  /usr/local/lib/python36.zip
  /usr/local/lib/python3.6
  /usr/local/lib/python3.6/lib-dynload
  /usr/local/lib/python3.6/site-packages</msg>
<msg timestamp="20190111 17:50:18.648" level="ERROR">Error in file '/usr/local/Django/PYthon_Public/joyrun/background/thejoyrunTestcode/Public/public_lib.txt': Importing test library 'DatabaseLibrary' failed: ModuleNotFoundError: No module named 'DatabaseLibrary'
Traceback (most recent call last):
  None
PYTHONPATH:
  /usr/local/bin
  /usr/local/lib/python36.zip
  /usr/local/lib/python3.6
  /usr/local/lib/python3.6/lib-dynload
  /usr/local/lib/python3.6/site-packages</msg>
<msg timestamp="20190111 17:50:18.666" level="ERROR">Error in file '/usr/local/Django/PYthon_Public/joyrun/background/thejoyrunTestcode/Public/public_lib.txt': Importing test library 'HttpLibrary.HTTP' failed: ModuleNotFoundError: No module named 'HttpLibrary'
Traceback (most recent call last):
  None
PYTHONPATH:
  /usr/local/bin
  /usr/local/lib/python36.zip
  /usr/local/lib/python3.6
  /usr/local/lib/python3.6/lib-dynload
  /usr/local/lib/python3.6/site-packages</msg>
<msg timestamp="20190111 17:50:18.670" level="ERROR">Error in file '/usr/local/Django/PYthon_Public/joyrun/background/thejoyrunTestcode/Public/public_lib.txt': Importing test library '/usr/local/Django/PYthon_Public/joyrun/background/thejoyrunTestcode/Public/Lib/tools_library.py' failed: SyntaxError: invalid syntax (tools_library.py, line 336)
Traceback (most recent call last):
  None
PYTHONPATH:
  /usr/local/bin
  /usr/local/lib/python36.zip
  /usr/local/lib/python3.6
  /usr/local/lib/python3.6/lib-dynload
  /usr/local/lib/python3.6/site-packages</msg>
<msg timestamp="20190111 17:50:18.672" level="ERROR">Error in file '/usr/local/Django/PYthon_Public/joyrun/background/thejoyrunTestcode/Public/public_lib.txt': Importing test library '/usr/local/Django/PYthon_Public/joyrun/background/thejoyrunTestcode/Public/Lib/Usertool_01.py' failed: SyntaxError: Missing parentheses in call to 'print'. Did you mean print('os type is:',ostype)? (Usertool_01.py, line 24)
Traceback (most recent call last):
  None
PYTHONPATH:
  /usr/local/bin
  /usr/local/lib/python36.zip
  /usr/local/lib/python3.6
  /usr/local/lib/python3.6/lib-dynload
  /usr/local/lib/python3.6/site-packages</msg>
<msg timestamp="20190111 17:50:18.673" level="ERROR">Error in file '/usr/local/Django/PYthon_Public/joyrun/background/thejoyrunTestcode/Public/public_lib.txt': Importing test library '/usr/local/Django/PYthon_Public/joyrun/background/thejoyrunTestcode/Public/Lib/tool_reptile.py' failed: SyntaxError: Missing parentheses in call to 'print'. Did you mean print(dataobj1)? (tool_reptile.py, line 18)
Traceback (most recent call last):
  None
PYTHONPATH:
  /usr/local/bin
  /usr/local/lib/python36.zip
  /usr/local/lib/python3.6
  /usr/local/lib/python3.6/lib-dynload
  /usr/local/lib/python3.6/site-packages</msg>
<msg timestamp="20190111 17:50:18.690" level="ERROR">Error in file '/usr/local/Django/PYthon_Public/joyrun/background/thejoyrunTestcode/Public/public_lib.txt': Importing test library '/usr/local/Django/PYthon_Public/joyrun/background/thejoyrunTestcode/Public/Lib/Verification_Field.py' failed: NameError: name 'reload' is not defined
Traceback (most recent call last):
  File "/usr/local/Django/PYthon_Public/joyrun/background/thejoyrunTestcode/Public/Lib/Verification_Field.py", line 11, in &lt;module&gt;
    reload(sys)
PYTHONPATH:
  /usr/local/bin
  /usr/local/lib/python36.zip
  /usr/local/lib/python3.6
  /usr/local/lib/python3.6/lib-dynload
  /usr/local/lib/python3.6/site-packages</msg>
<msg timestamp="20190111 17:50:18.693" level="ERROR">Error in file '/usr/local/Django/PYthon_Public/joyrun/background/thejoyrunTestcode/Public/public_lib.txt': Importing test library '/usr/local/Django/PYthon_Public/joyrun/background/thejoyrunTestcode/Public/Lib/Verification.py' failed: TabError: inconsistent use of tabs and spaces in indentation (Verification.py, line 81)
Traceback (most recent call last):
  None
PYTHONPATH:
  /usr/local/bin
  /usr/local/lib/python36.zip
  /usr/local/lib/python3.6
  /usr/local/lib/python3.6/lib-dynload
  /usr/local/lib/python3.6/site-packages</msg>
<msg timestamp="20190111 17:50:18.744" level="ERROR">Error in file '/usr/local/Django/PYthon_Public/joyrun/background/thejoyrunTestcode/Public/business/thejoyrun.txt': Importing test library '/usr/local/Django/PYthon_Public/joyrun/background/thejoyrunTestcode/Public/Lib/tool_reptile.py' failed: SyntaxError: Missing parentheses in call to 'print'. Did you mean print(dataobj1)? (tool_reptile.py, line 18)
Traceback (most recent call last):
  None
PYTHONPATH:
  /usr/local/bin
  /usr/local/lib/python36.zip
  /usr/local/lib/python3.6
  /usr/local/lib/python3.6/lib-dynload
  /usr/local/lib/python3.6/site-packages</msg>
<msg timestamp="20190111 17:50:18.747" level="ERROR">Error in file '/usr/local/Django/PYthon_Public/joyrun/background/thejoyrunTestcode/Public/business/thejoyrun.txt': Importing test library '/usr/local/Django/PYthon_Public/joyrun/background/thejoyrunTestcode/Public/Lib/tools_library.py' failed: SyntaxError: invalid syntax (tools_library.py, line 336)
Traceback (most recent call last):
  None
PYTHONPATH:
  /usr/local/bin
  /usr/local/lib/python36.zip
  /usr/local/lib/python3.6
  /usr/local/lib/python3.6/lib-dynload
  /usr/local/lib/python3.6/site-packages</msg>
<msg timestamp="20190111 17:50:18.760" level="ERROR">Error in file '/usr/local/Django/PYthon_Public/joyrun/background/thejoyrunTestcode/Public/OtherMethod/cookie_operation.txt': Importing test library '/usr/local/Django/PYthon_Public/joyrun/background/thejoyrunTestcode/Public/Lib/tools_library.py' failed: SyntaxError: invalid syntax (tools_library.py, line 336)
Traceback (most recent call last):
  None
PYTHONPATH:
  /usr/local/bin
  /usr/local/lib/python36.zip
  /usr/local/lib/python3.6
  /usr/local/lib/python3.6/lib-dynload
  /usr/local/lib/python3.6/site-packages</msg>
<msg timestamp="20190111 17:50:18.790" level="ERROR">Error in file '/usr/local/Django/PYthon_Public/joyrun/background/thejoyrunTestcode/Public/Public/http_request.txt': Importing test library '/usr/local/Django/PYthon_Public/joyrun/background/thejoyrunTestcode/Public/Lib/tool_reptile.py' failed: SyntaxError: Missing parentheses in call to 'print'. Did you mean print(dataobj1)? (tool_reptile.py, line 18)
Traceback (most recent call last):
  None
PYTHONPATH:
  /usr/local/bin
  /usr/local/lib/python36.zip
  /usr/local/lib/python3.6
  /usr/local/lib/python3.6/lib-dynload
  /usr/local/lib/python3.6/site-packages</msg>
<msg timestamp="20190111 17:50:18.792" level="ERROR">Error in file '/usr/local/Django/PYthon_Public/joyrun/background/thejoyrunTestcode/Public/Public/http_request.txt': Importing test library '/usr/local/Django/PYthon_Public/joyrun/background/thejoyrunTestcode/Public/Lib/tools_library.py' failed: SyntaxError: invalid syntax (tools_library.py, line 336)
Traceback (most recent call last):
  None
PYTHONPATH:
  /usr/local/bin
  /usr/local/lib/python36.zip
  /usr/local/lib/python3.6
  /usr/local/lib/python3.6/lib-dynload
  /usr/local/lib/python3.6/site-packages</msg>
<msg timestamp="20190111 17:50:18.793" level="ERROR">Error in file '/usr/local/Django/PYthon_Public/joyrun/background/thejoyrunTestcode/Public/Public/http_request.txt': Importing test library '/usr/local/Django/PYthon_Public/joyrun/background/thejoyrunTestcode/Public/Lib/Usertool_01.py' failed: SyntaxError: Missing parentheses in call to 'print'. Did you mean print('os type is:',ostype)? (Usertool_01.py, line 24)
Traceback (most recent call last):
  None
PYTHONPATH:
  /usr/local/bin
  /usr/local/lib/python36.zip
  /usr/local/lib/python3.6
  /usr/local/lib/python3.6/lib-dynload
  /usr/local/lib/python3.6/site-packages</msg>
<msg timestamp="20190111 17:50:18.819" level="ERROR">Error in file '/usr/local/Django/PYthon_Public/joyrun/background/thejoyrunTestcode/Public/business/jrtool.txt': Importing test library '/usr/local/Django/PYthon_Public/joyrun/background/thejoyrunTestcode/Public/Lib/tool_reptile.py' failed: SyntaxError: Missing parentheses in call to 'print'. Did you mean print(dataobj1)? (tool_reptile.py, line 18)
Traceback (most recent call last):
  None
PYTHONPATH:
  /usr/local/bin
  /usr/local/lib/python36.zip
  /usr/local/lib/python3.6
  /usr/local/lib/python3.6/lib-dynload
  /usr/local/lib/python3.6/site-packages</msg>
<msg timestamp="20190111 17:50:18.821" level="ERROR">Error in file '/usr/local/Django/PYthon_Public/joyrun/background/thejoyrunTestcode/Public/business/jrtool.txt': Importing test library '/usr/local/Django/PYthon_Public/joyrun/background/thejoyrunTestcode/Public/Lib/tools_library.py' failed: SyntaxError: invalid syntax (tools_library.py, line 336)
Traceback (most recent call last):
  None
PYTHONPATH:
  /usr/local/bin
  /usr/local/lib/python36.zip
  /usr/local/lib/python3.6
  /usr/local/lib/python3.6/lib-dynload
  /usr/local/lib/python3.6/site-packages</msg>
<msg timestamp="20190111 17:50:18.915" level="ERROR">Error in file '/usr/local/Django/PYthon_Public/joyrun/background/thejoyrunTestcode/Public/business/joyrunbusiness.txt': Importing test library '/usr/local/Django/PYthon_Public/joyrun/background/thejoyrunTestcode/Public/Lib/tools_library.py' failed: SyntaxError: invalid syntax (tools_library.py, line 336)
Traceback (most recent call last):
  None
PYTHONPATH:
  /usr/local/bin
  /usr/local/lib/python36.zip
  /usr/local/lib/python3.6
  /usr/local/lib/python3.6/lib-dynload
  /usr/local/lib/python3.6/site-packages</msg>
<msg timestamp="20190111 17:50:18.921" level="ERROR">Error in file '/usr/local/Django/PYthon_Public/joyrun/background/thejoyrunTestcode/Public/public_lib.txt': Processing variable file '/usr/local/Django/PYthon_Public/joyrun/background/thejoyrunTestcode/Public/Config.py' failed: Importing variable file '/usr/local/Django/PYthon_Public/joyrun/background/thejoyrunTestcode/Public/Config.py' failed: SyntaxError: Missing parentheses in call to 'print'. Did you mean print('os type is:',ostype)? (Config.py, line 26)
Traceback (most recent call last):
  None
PYTHONPATH:
  /usr/local/bin
  /usr/local/lib/python36.zip
  /usr/local/lib/python3.6
  /usr/local/lib/python3.6/lib-dynload
  /usr/local/lib/python3.6/site-packages</msg>
</errors>
</robot>
